D:\WORK\FIRE_SMOKE\EARLYFIREDETECTION-MASTER\EARLYFIREDETECTION\EARLYFIREDETECTION\RELEASE\OPTICALFLOWTOOL.OBJ
D:\WORK\FIRE_SMOKE\EARLYFIREDETECTION-MASTER\EARLYFIREDETECTION\EARLYFIREDETECTION\RELEASE\MOTIONDETECTION.OBJ
D:\WORK\FIRE_SMOKE\EARLYFIREDETECTION-MASTER\EARLYFIREDETECTION\EARLYFIREDETECTION\RELEASE\MAIN.OBJ
D:\WORK\FIRE_SMOKE\EARLYFIREDETECTION-MASTER\EARLYFIREDETECTION\EARLYFIREDETECTION\RELEASE\FIREBEHAVIORANALYSIS.OBJ
D:\WORK\FIRE_SMOKE\EARLYFIREDETECTION-MASTER\EARLYFIREDETECTION\EARLYFIREDETECTION\RELEASE\FILESTREAM.OBJ
D:\WORK\FIRE_SMOKE\EARLYFIREDETECTION-MASTER\EARLYFIREDETECTION\EARLYFIREDETECTION\RELEASE\DS.OBJ
D:\WORK\FIRE_SMOKE\EARLYFIREDETECTION-MASTER\EARLYFIREDETECTION\EARLYFIREDETECTION\RELEASE\COLORMODEL.OBJ
D:\WORK\FIRE_SMOKE\EARLYFIREDETECTION-MASTER\EARLYFIREDETECTION\EARLYFIREDETECTION\RELEASE\VC110.PDB
D:\WORK\FIRE_SMOKE\EARLYFIREDETECTION-MASTER\EARLYFIREDETECTION\RELEASE\EARLYFIREDETECTION.EXE
D:\WORK\FIRE_SMOKE\EARLYFIREDETECTION-MASTER\EARLYFIREDETECTION\RELEASE\EARLYFIREDETECTION.PDB
D:\work\fire_smoke\EarlyFireDetection-master\EarlyFireDetection\EarlyFireDetection\Release\colorModel.obj
D:\work\fire_smoke\EarlyFireDetection-master\EarlyFireDetection\EarlyFireDetection\Release\ds.obj
D:\work\fire_smoke\EarlyFireDetection-master\EarlyFireDetection\EarlyFireDetection\Release\fileStream.obj
D:\work\fire_smoke\EarlyFireDetection-master\EarlyFireDetection\EarlyFireDetection\Release\fireBehaviorAnalysis.obj
D:\work\fire_smoke\EarlyFireDetection-master\EarlyFireDetection\EarlyFireDetection\Release\main.obj
D:\work\fire_smoke\EarlyFireDetection-master\EarlyFireDetection\EarlyFireDetection\Release\motionDetection.obj
D:\work\fire_smoke\EarlyFireDetection-master\EarlyFireDetection\EarlyFireDetection\Release\opticalFlowTool.obj
D:\work\fire_smoke\EarlyFireDetection-master\EarlyFireDetection\EarlyFireDetection\Release\cl.command.1.tlog
D:\work\fire_smoke\EarlyFireDetection-master\EarlyFireDetection\EarlyFireDetection\Release\CL.read.1.tlog
D:\work\fire_smoke\EarlyFireDetection-master\EarlyFireDetection\EarlyFireDetection\Release\CL.write.1.tlog
D:\work\fire_smoke\EarlyFireDetection-master\EarlyFireDetection\EarlyFireDetection\Release\link-cvtres.read.1.tlog
D:\work\fire_smoke\EarlyFireDetection-master\EarlyFireDetection\EarlyFireDetection\Release\link-cvtres.write.1.tlog
D:\work\fire_smoke\EarlyFireDetection-master\EarlyFireDetection\EarlyFireDetection\Release\link-rc.read.1.tlog
D:\work\fire_smoke\EarlyFireDetection-master\EarlyFireDetection\EarlyFireDetection\Release\link-rc.write.1.tlog
D:\work\fire_smoke\EarlyFireDetection-master\EarlyFireDetection\EarlyFireDetection\Release\link.command.1.tlog
D:\work\fire_smoke\EarlyFireDetection-master\EarlyFireDetection\EarlyFireDetection\Release\link.read.1.tlog
D:\work\fire_smoke\EarlyFireDetection-master\EarlyFireDetection\EarlyFireDetection\Release\link.write.1.tlog
D:\work\fire_smoke\EarlyFireDetection-master\EarlyFireDetection\EarlyFireDetection\Release\vc110.pdb
D:\work\fire_smoke\EarlyFireDetection-master\EarlyFireDetection\Release\EarlyFireDetection.pdb
D:\work\fire_smoke\EarlyFireDetection-master\EarlyFireDetection\Release\EarlyFireDetection.exe
